This is pdfTeX, Version 3.14159265-2.6-1.40.19 (MiKTeX 2.9.6840 64-bit) (preloaded format=pdflatex 2018.11.27)  2 FEB 2019 15:27
entering extended mode
**./viuachat-sws.tex
(viuachat-sws.tex
LaTeX2e <2018-04-01> patch level 5

("C:\Users\Krzysztof\AppData\Local\Programs\MiKTeX 2.9\tex\latex\base\article.c
ls"
Document Class: article 2014/09/29 v1.4h Standard LaTeX document class

("C:\Users\Krzysztof\AppData\Local\Programs\MiKTeX 2.9\tex\latex\base\size11.cl
o"
File: size11.clo 2014/09/29 v1.4h Standard LaTeX file (size option)
)
\c@part=\count80
\c@section=\count81
\c@subsection=\count82
\c@subsubsection=\count83
\c@paragraph=\count84
\c@subparagraph=\count85
\c@figure=\count86
\c@table=\count87
\abovecaptionskip=\skip41
\belowcaptionskip=\skip42
\bibindent=\dimen102
)
("C:\Users\Krzysztof\AppData\Local\Programs\MiKTeX 2.9\tex\latex\base\inputenc.
sty"
Package: inputenc 2018/04/06 v1.3b Input encoding file
\inpenc@prehook=\toks14
\inpenc@posthook=\toks15
)
("C:\Users\Krzysztof\AppData\Local\Programs\MiKTeX 2.9\tex\latex\base\textcomp.
sty"
Package: textcomp 2017/04/05 v2.0i Standard LaTeX package
Package textcomp Info: Sub-encoding information:
(textcomp)               5 = only ISO-Adobe without \textcurrency
(textcomp)               4 = 5 + \texteuro
(textcomp)               3 = 4 + \textohm
(textcomp)               2 = 3 + \textestimated + \textcurrency
(textcomp)               1 = TS1 - \textcircled - \t
(textcomp)               0 = TS1 (full)
(textcomp)             Font families with sub-encoding setting implement
(textcomp)             only a restricted character set as indicated.
(textcomp)             Family '?' is the default used for unknown fonts.
(textcomp)             See the documentation for details.
Package textcomp Info: Setting ? sub-encoding to TS1/1 on input line 79.

("C:\Users\Krzysztof\AppData\Local\Programs\MiKTeX 2.9\tex\latex\base\ts1enc.de
f"
File: ts1enc.def 2001/06/05 v3.0e (jk/car/fm) Standard LaTeX file
Now handling font encoding TS1 ...
... processing UTF-8 mapping file for font encoding TS1

("C:\Users\Krzysztof\AppData\Local\Programs\MiKTeX 2.9\tex\latex\base\ts1enc.df
u"
File: ts1enc.dfu 2018/04/05 v1.2c UTF-8 support for inputenc
   defining Unicode char U+00A2 (decimal 162)
   defining Unicode char U+00A3 (decimal 163)
   defining Unicode char U+00A4 (decimal 164)
   defining Unicode char U+00A5 (decimal 165)
   defining Unicode char U+00A6 (decimal 166)
   defining Unicode char U+00A7 (decimal 167)
   defining Unicode char U+00A8 (decimal 168)
   defining Unicode char U+00A9 (decimal 169)
   defining Unicode char U+00AA (decimal 170)
   defining Unicode char U+00AC (decimal 172)
   defining Unicode char U+00AE (decimal 174)
   defining Unicode char U+00AF (decimal 175)
   defining Unicode char U+00B0 (decimal 176)
   defining Unicode char U+00B1 (decimal 177)
   defining Unicode char U+00B2 (decimal 178)
   defining Unicode char U+00B3 (decimal 179)
   defining Unicode char U+00B4 (decimal 180)
   defining Unicode char U+00B5 (decimal 181)
   defining Unicode char U+00B6 (decimal 182)
   defining Unicode char U+00B7 (decimal 183)
   defining Unicode char U+00B9 (decimal 185)
   defining Unicode char U+00BA (decimal 186)
   defining Unicode char U+00BC (decimal 188)
   defining Unicode char U+00BD (decimal 189)
   defining Unicode char U+00BE (decimal 190)
   defining Unicode char U+00D7 (decimal 215)
   defining Unicode char U+00F7 (decimal 247)
   defining Unicode char U+0192 (decimal 402)
   defining Unicode char U+02C7 (decimal 711)
   defining Unicode char U+02D8 (decimal 728)
   defining Unicode char U+02DD (decimal 733)
   defining Unicode char U+0E3F (decimal 3647)
   defining Unicode char U+2016 (decimal 8214)
   defining Unicode char U+2020 (decimal 8224)
   defining Unicode char U+2021 (decimal 8225)
   defining Unicode char U+2022 (decimal 8226)
   defining Unicode char U+2030 (decimal 8240)
   defining Unicode char U+2031 (decimal 8241)
   defining Unicode char U+203B (decimal 8251)
   defining Unicode char U+203D (decimal 8253)
   defining Unicode char U+2044 (decimal 8260)
   defining Unicode char U+204E (decimal 8270)
   defining Unicode char U+2052 (decimal 8274)
   defining Unicode char U+20A1 (decimal 8353)
   defining Unicode char U+20A4 (decimal 8356)
   defining Unicode char U+20A6 (decimal 8358)
   defining Unicode char U+20A9 (decimal 8361)
   defining Unicode char U+20AB (decimal 8363)
   defining Unicode char U+20AC (decimal 8364)
   defining Unicode char U+20B1 (decimal 8369)
   defining Unicode char U+2103 (decimal 8451)
   defining Unicode char U+2116 (decimal 8470)
   defining Unicode char U+2117 (decimal 8471)
   defining Unicode char U+211E (decimal 8478)
   defining Unicode char U+2120 (decimal 8480)
   defining Unicode char U+2122 (decimal 8482)
   defining Unicode char U+2126 (decimal 8486)
   defining Unicode char U+2127 (decimal 8487)
   defining Unicode char U+212E (decimal 8494)
   defining Unicode char U+2190 (decimal 8592)
   defining Unicode char U+2191 (decimal 8593)
   defining Unicode char U+2192 (decimal 8594)
   defining Unicode char U+2193 (decimal 8595)
   defining Unicode char U+2329 (decimal 9001)
   defining Unicode char U+232A (decimal 9002)
   defining Unicode char U+2422 (decimal 9250)
   defining Unicode char U+25E6 (decimal 9702)
   defining Unicode char U+25EF (decimal 9711)
   defining Unicode char U+266A (decimal 9834)
   defining Unicode char U+FEFF (decimal 65279)
))
LaTeX Info: Redefining \oldstylenums on input line 334.
Package textcomp Info: Setting cmr sub-encoding to TS1/0 on input line 349.
Package textcomp Info: Setting cmss sub-encoding to TS1/0 on input line 350.
Package textcomp Info: Setting cmtt sub-encoding to TS1/0 on input line 351.
Package textcomp Info: Setting cmvtt sub-encoding to TS1/0 on input line 352.
Package textcomp Info: Setting cmbr sub-encoding to TS1/0 on input line 353.
Package textcomp Info: Setting cmtl sub-encoding to TS1/0 on input line 354.
Package textcomp Info: Setting ccr sub-encoding to TS1/0 on input line 355.
Package textcomp Info: Setting ptm sub-encoding to TS1/4 on input line 356.
Package textcomp Info: Setting pcr sub-encoding to TS1/4 on input line 357.
Package textcomp Info: Setting phv sub-encoding to TS1/4 on input line 358.
Package textcomp Info: Setting ppl sub-encoding to TS1/3 on input line 359.
Package textcomp Info: Setting pag sub-encoding to TS1/4 on input line 360.
Package textcomp Info: Setting pbk sub-encoding to TS1/4 on input line 361.
Package textcomp Info: Setting pnc sub-encoding to TS1/4 on input line 362.
Package textcomp Info: Setting pzc sub-encoding to TS1/4 on input line 363.
Package textcomp Info: Setting bch sub-encoding to TS1/4 on input line 364.
Package textcomp Info: Setting put sub-encoding to TS1/5 on input line 365.
Package textcomp Info: Setting uag sub-encoding to TS1/5 on input line 366.
Package textcomp Info: Setting ugq sub-encoding to TS1/5 on input line 367.
Package textcomp Info: Setting ul8 sub-encoding to TS1/4 on input line 368.
Package textcomp Info: Setting ul9 sub-encoding to TS1/4 on input line 369.
Package textcomp Info: Setting augie sub-encoding to TS1/5 on input line 370.
Package textcomp Info: Setting dayrom sub-encoding to TS1/3 on input line 371.
Package textcomp Info: Setting dayroms sub-encoding to TS1/3 on input line 372.

Package textcomp Info: Setting pxr sub-encoding to TS1/0 on input line 373.
Package textcomp Info: Setting pxss sub-encoding to TS1/0 on input line 374.
Package textcomp Info: Setting pxtt sub-encoding to TS1/0 on input line 375.
Package textcomp Info: Setting txr sub-encoding to TS1/0 on input line 376.
Package textcomp Info: Setting txss sub-encoding to TS1/0 on input line 377.
Package textcomp Info: Setting txtt sub-encoding to TS1/0 on input line 378.
Package textcomp Info: Setting lmr sub-encoding to TS1/0 on input line 379.
Package textcomp Info: Setting lmdh sub-encoding to TS1/0 on input line 380.
Package textcomp Info: Setting lmss sub-encoding to TS1/0 on input line 381.
Package textcomp Info: Setting lmssq sub-encoding to TS1/0 on input line 382.
Package textcomp Info: Setting lmvtt sub-encoding to TS1/0 on input line 383.
Package textcomp Info: Setting lmtt sub-encoding to TS1/0 on input line 384.
Package textcomp Info: Setting qhv sub-encoding to TS1/0 on input line 385.
Package textcomp Info: Setting qag sub-encoding to TS1/0 on input line 386.
Package textcomp Info: Setting qbk sub-encoding to TS1/0 on input line 387.
Package textcomp Info: Setting qcr sub-encoding to TS1/0 on input line 388.
Package textcomp Info: Setting qcs sub-encoding to TS1/0 on input line 389.
Package textcomp Info: Setting qpl sub-encoding to TS1/0 on input line 390.
Package textcomp Info: Setting qtm sub-encoding to TS1/0 on input line 391.
Package textcomp Info: Setting qzc sub-encoding to TS1/0 on input line 392.
Package textcomp Info: Setting qhvc sub-encoding to TS1/0 on input line 393.
Package textcomp Info: Setting futs sub-encoding to TS1/4 on input line 394.
Package textcomp Info: Setting futx sub-encoding to TS1/4 on input line 395.
Package textcomp Info: Setting futj sub-encoding to TS1/4 on input line 396.
Package textcomp Info: Setting hlh sub-encoding to TS1/3 on input line 397.
Package textcomp Info: Setting hls sub-encoding to TS1/3 on input line 398.
Package textcomp Info: Setting hlst sub-encoding to TS1/3 on input line 399.
Package textcomp Info: Setting hlct sub-encoding to TS1/5 on input line 400.
Package textcomp Info: Setting hlx sub-encoding to TS1/5 on input line 401.
Package textcomp Info: Setting hlce sub-encoding to TS1/5 on input line 402.
Package textcomp Info: Setting hlcn sub-encoding to TS1/5 on input line 403.
Package textcomp Info: Setting hlcw sub-encoding to TS1/5 on input line 404.
Package textcomp Info: Setting hlcf sub-encoding to TS1/5 on input line 405.
Package textcomp Info: Setting pplx sub-encoding to TS1/3 on input line 406.
Package textcomp Info: Setting pplj sub-encoding to TS1/3 on input line 407.
Package textcomp Info: Setting ptmx sub-encoding to TS1/4 on input line 408.
Package textcomp Info: Setting ptmj sub-encoding to TS1/4 on input line 409.
)
("C:\Users\Krzysztof\AppData\Local\Programs\MiKTeX 2.9\tex\latex\eurosym\eurosy
m.sty"
Package: eurosym 1998/08/06 v1.1 European currency symbol ``Euro''
\@eurobox=\box26
)
("C:\Users\Krzysztof\AppData\Local\Programs\MiKTeX 2.9\tex\generic\babel\babel.
sty"
Package: babel 2018/09/26 3.24 The Babel package

("C:\Users\Krzysztof\AppData\Local\Programs\MiKTeX 2.9\tex\generic\babel\switch
.def"
File: switch.def 2018/09/26 3.24 Babel switching mechanism
)
*************************************
* Local config file bblopts.cfg used
*

("C:\Users\Krzysztof\AppData\Local\Programs\MiKTeX 2.9\tex\latex\arabi\bblopts.
cfg"
File: bblopts.cfg 2005/09/08 v0.1 add Arabic and Farsi to "declared" options of
 babel
)
("C:\Users\Krzysztof\AppData\Local\Programs\MiKTeX 2.9\tex\latex\babel-polish\p
olish.ldf"
Language: polish 2005/03/31 v1.2l Polish support from the babel system

("C:\Users\Krzysztof\AppData\Local\Programs\MiKTeX 2.9\tex\generic\babel\babel.
def"
File: babel.def 2018/09/26 3.24 Babel common definitions
\babel@savecnt=\count88
\U@D=\dimen103

("C:\Users\Krzysztof\AppData\Local\Programs\MiKTeX 2.9\tex\generic\babel\txtbab
el.def")
\bbl@dirlevel=\count89
)
Package babel Info: Making " an active character on input line 83.
\pl@left=\dimen104
\pl@down=\dimen105
\pl@right=\dimen106
\pl@temp=\dimen107
))
("C:\Users\Krzysztof\AppData\Local\Programs\MiKTeX 2.9\tex\latex\amscls\amsthm.
sty"
Package: amsthm 2017/10/31 v2.20.4
\thm@style=\toks16
\thm@bodyfont=\toks17
\thm@headfont=\toks18
\thm@notefont=\toks19
\thm@headpunct=\toks20
\thm@preskip=\skip43
\thm@postskip=\skip44
\thm@headsep=\skip45
\dth@everypar=\toks21
)
("C:\Users\Krzysztof\AppData\Local\Programs\MiKTeX 2.9\tex\latex\graphics\graph
icx.sty"
Package: graphicx 2017/06/01 v1.1a Enhanced LaTeX Graphics (DPC,SPQR)

("C:\Users\Krzysztof\AppData\Local\Programs\MiKTeX 2.9\tex\latex\graphics\keyva
l.sty"
Package: keyval 2014/10/28 v1.15 key=value parser (DPC)
\KV@toks@=\toks22
)
("C:\Users\Krzysztof\AppData\Local\Programs\MiKTeX 2.9\tex\latex\graphics\graph
ics.sty"
Package: graphics 2017/06/25 v1.2c Standard LaTeX Graphics (DPC,SPQR)

("C:\Users\Krzysztof\AppData\Local\Programs\MiKTeX 2.9\tex\latex\graphics\trig.
sty"
Package: trig 2016/01/03 v1.10 sin cos tan (DPC)
)
("C:\Users\Krzysztof\AppData\Local\Programs\MiKTeX 2.9\tex\latex\graphics-cfg\g
raphics.cfg"
File: graphics.cfg 2016/06/04 v1.11 sample graphics configuration
)
Package graphics Info: Driver file: pdftex.def on input line 99.

("C:\Users\Krzysztof\AppData\Local\Programs\MiKTeX 2.9\tex\latex\graphics-def\p
dftex.def"
File: pdftex.def 2018/01/08 v1.0l Graphics/color driver for pdftex
))
\Gin@req@height=\dimen108
\Gin@req@width=\dimen109
)
("C:\Users\Krzysztof\AppData\Local\Programs\MiKTeX 2.9\tex\latex\base\fontenc.s
ty"
Package: fontenc 2017/04/05 v2.0i Standard LaTeX package

("C:\Users\Krzysztof\AppData\Local\Programs\MiKTeX 2.9\tex\latex\base\t1enc.def
"
File: t1enc.def 2017/04/05 v2.0i Standard LaTeX file
LaTeX Font Info:    Redeclaring font encoding T1 on input line 48.
))
("C:\Users\Krzysztof\AppData\Local\Programs\MiKTeX 2.9\tex\latex\koma-script\sc
rextend.sty"
Package: scrextend 2018/03/30 v3.25 KOMA-Script package (extend other classes w
ith features of KOMA-Script classes)

("C:\Users\Krzysztof\AppData\Local\Programs\MiKTeX 2.9\tex\latex\koma-script\sc
rkbase.sty"
Package: scrkbase 2018/03/30 v3.25 KOMA-Script package (KOMA-Script-dependent b
asics and keyval usage)

("C:\Users\Krzysztof\AppData\Local\Programs\MiKTeX 2.9\tex\latex\koma-script\sc
rbase.sty"
Package: scrbase 2018/03/30 v3.25 KOMA-Script package (KOMA-Script-independent 
basics and keyval usage)

("C:\Users\Krzysztof\AppData\Local\Programs\MiKTeX 2.9\tex\latex\koma-script\sc
rlfile.sty"
Package: scrlfile 2018/03/30 v3.25 KOMA-Script package (loading files)
))))
("C:\Users\Krzysztof\AppData\Local\Programs\MiKTeX 2.9\tex\latex\hyperref\hyper
ref.sty"
Package: hyperref 2018/09/30 v6.88a Hypertext links for LaTeX

("C:\Users\Krzysztof\AppData\Local\Programs\MiKTeX 2.9\tex\generic\oberdiek\hob
sub-hyperref.sty"
Package: hobsub-hyperref 2016/05/16 v1.14 Bundle oberdiek, subset hyperref (HO)


("C:\Users\Krzysztof\AppData\Local\Programs\MiKTeX 2.9\tex\generic\oberdiek\hob
sub-generic.sty"
Package: hobsub-generic 2016/05/16 v1.14 Bundle oberdiek, subset generic (HO)
Package: hobsub 2016/05/16 v1.14 Construct package bundles (HO)
Package: infwarerr 2016/05/16 v1.4 Providing info/warning/error messages (HO)
Package: ltxcmds 2016/05/16 v1.23 LaTeX kernel commands for general use (HO)
Package: ifluatex 2016/05/16 v1.4 Provides the ifluatex switch (HO)
Package ifluatex Info: LuaTeX not detected.
Package: ifvtex 2016/05/16 v1.6 Detect VTeX and its facilities (HO)
Package ifvtex Info: VTeX not detected.
Package: intcalc 2016/05/16 v1.2 Expandable calculations with integers (HO)
Package: ifpdf 2018/09/07 v3.3 Provides the ifpdf switch
Package: etexcmds 2016/05/16 v1.6 Avoid name clashes with e-TeX commands (HO)
Package etexcmds Info: Could not find \expanded.
(etexcmds)             That can mean that you are not using pdfTeX 1.50 or
(etexcmds)             that some package has redefined \expanded.
(etexcmds)             In the latter case, load this package earlier.
Package: kvsetkeys 2016/05/16 v1.17 Key value parser (HO)
Package: kvdefinekeys 2016/05/16 v1.4 Define keys (HO)
Package: pdftexcmds 2018/09/10 v0.29 Utility functions of pdfTeX for LuaTeX (HO
)
Package pdftexcmds Info: LuaTeX not detected.
Package pdftexcmds Info: \pdf@primitive is available.
Package pdftexcmds Info: \pdf@ifprimitive is available.
Package pdftexcmds Info: \pdfdraftmode found.
Package: pdfescape 2016/05/16 v1.14 Implements pdfTeX's escape features (HO)
Package: bigintcalc 2016/05/16 v1.4 Expandable calculations on big integers (HO
)
Package: bitset 2016/05/16 v1.2 Handle bit-vector datatype (HO)
Package: uniquecounter 2016/05/16 v1.3 Provide unlimited unique counter (HO)
)
Package hobsub Info: Skipping package `hobsub' (already loaded).
Package: letltxmacro 2016/05/16 v1.5 Let assignment for LaTeX macros (HO)
Package: hopatch 2016/05/16 v1.3 Wrapper for package hooks (HO)
Package: xcolor-patch 2016/05/16 xcolor patch
Package: atveryend 2016/05/16 v1.9 Hooks at the very end of document (HO)
Package atveryend Info: \enddocument detected (standard20110627).
Package: atbegshi 2016/06/09 v1.18 At begin shipout hook (HO)
Package: refcount 2016/05/16 v3.5 Data extraction from label references (HO)
Package: hycolor 2016/05/16 v1.8 Color options for hyperref/bookmark (HO)
)
("C:\Users\Krzysztof\AppData\Local\Programs\MiKTeX 2.9\tex\generic\ifxetex\ifxe
tex.sty"
Package: ifxetex 2010/09/12 v0.6 Provides ifxetex conditional
)
("C:\Users\Krzysztof\AppData\Local\Programs\MiKTeX 2.9\tex\latex\oberdiek\auxho
ok.sty"
Package: auxhook 2016/05/16 v1.4 Hooks for auxiliary files (HO)
)
("C:\Users\Krzysztof\AppData\Local\Programs\MiKTeX 2.9\tex\latex\oberdiek\kvopt
ions.sty"
Package: kvoptions 2016/05/16 v3.12 Key value format for package options (HO)
)
\@linkdim=\dimen110
\Hy@linkcounter=\count90
\Hy@pagecounter=\count91

("C:\Users\Krzysztof\AppData\Local\Programs\MiKTeX 2.9\tex\latex\hyperref\pd1en
c.def"
File: pd1enc.def 2018/09/30 v6.88a Hyperref: PDFDocEncoding definition (HO)
Now handling font encoding PD1 ...
... no UTF-8 mapping file for font encoding PD1
)
\Hy@SavedSpaceFactor=\count92

("C:\Users\Krzysztof\AppData\Local\Programs\MiKTeX 2.9\tex\latex\00miktex\hyper
ref.cfg"
File: hyperref.cfg 2002/06/06 v1.2 hyperref configuration of TeXLive
)
Package hyperref Info: Hyper figures OFF on input line 4535.
Package hyperref Info: Link nesting OFF on input line 4540.
Package hyperref Info: Hyper index ON on input line 4543.
Package hyperref Info: Plain pages OFF on input line 4550.
Package hyperref Info: Backreferencing OFF on input line 4555.
Package hyperref Info: Implicit mode ON; LaTeX internals redefined.
Package hyperref Info: Bookmarks ON on input line 4788.
\c@Hy@tempcnt=\count93

("C:\Users\Krzysztof\AppData\Local\Programs\MiKTeX 2.9\tex\latex\url\url.sty"
\Urlmuskip=\muskip10
Package: url 2013/09/16  ver 3.4  Verb mode for urls, etc.
)
LaTeX Info: Redefining \url on input line 5141.
\XeTeXLinkMargin=\dimen111
\Fld@menulength=\count94
\Field@Width=\dimen112
\Fld@charsize=\dimen113
Package hyperref Info: Hyper figures OFF on input line 6396.
Package hyperref Info: Link nesting OFF on input line 6401.
Package hyperref Info: Hyper index ON on input line 6404.
Package hyperref Info: backreferencing OFF on input line 6411.
Package hyperref Info: Link coloring OFF on input line 6416.
Package hyperref Info: Link coloring with OCG OFF on input line 6421.
Package hyperref Info: PDF/A mode OFF on input line 6426.
LaTeX Info: Redefining \ref on input line 6466.
LaTeX Info: Redefining \pageref on input line 6470.
\Hy@abspage=\count95
\c@Item=\count96
\c@Hfootnote=\count97
)
Package hyperref Info: Driver (autodetected): hpdftex.

("C:\Users\Krzysztof\AppData\Local\Programs\MiKTeX 2.9\tex\latex\hyperref\hpdft
ex.def"
File: hpdftex.def 2018/09/30 v6.88a Hyperref driver for pdfTeX
\Fld@listcount=\count98
\c@bookmark@seq@number=\count99

("C:\Users\Krzysztof\AppData\Local\Programs\MiKTeX 2.9\tex\latex\oberdiek\rerun
filecheck.sty"
Package: rerunfilecheck 2016/05/16 v1.8 Rerun checks for auxiliary files (HO)
Package uniquecounter Info: New unique counter `rerunfilecheck' on input line 2
82.
)
\Hy@SectionHShift=\skip46
)
("C:\Users\Krzysztof\AppData\Local\Programs\MiKTeX 2.9\tex\latex\xcolor\xcolor.
sty"
Package: xcolor 2016/05/11 v2.12 LaTeX color extensions (UK)

("C:\Users\Krzysztof\AppData\Local\Programs\MiKTeX 2.9\tex\latex\graphics-cfg\c
olor.cfg"
File: color.cfg 2016/01/02 v1.6 sample color configuration
)
Package xcolor Info: Driver file: pdftex.def on input line 225.
Package xcolor Info: Model `cmy' substituted by `cmy0' on input line 1348.
Package xcolor Info: Model `hsb' substituted by `rgb' on input line 1352.
Package xcolor Info: Model `RGB' extended on input line 1364.
Package xcolor Info: Model `HTML' substituted by `rgb' on input line 1366.
Package xcolor Info: Model `Hsb' substituted by `hsb' on input line 1367.
Package xcolor Info: Model `tHsb' substituted by `hsb' on input line 1368.
Package xcolor Info: Model `HSB' substituted by `hsb' on input line 1369.
Package xcolor Info: Model `Gray' substituted by `gray' on input line 1370.
Package xcolor Info: Model `wave' substituted by `hsb' on input line 1371.
)
("C:\Users\Krzysztof\AppData\Local\Programs\MiKTeX 2.9\tex\latex\enumitem\enumi
tem.sty"
Package: enumitem 2018/11/30 v3.6 Customized lists
\labelindent=\skip47
\enit@outerparindent=\dimen114
\enit@toks=\toks23
\enit@inbox=\box27
\enitdp@description=\count100
)
("C:\Users\Krzysztof\AppData\Local\Programs\MiKTeX 2.9\tex\latex\geometry\geome
try.sty"
Package: geometry 2018/04/16 v5.8 Page Geometry
\Gm@cnth=\count101
\Gm@cntv=\count102
\c@Gm@tempcnt=\count103
\Gm@bindingoffset=\dimen115
\Gm@wd@mp=\dimen116
\Gm@odd@mp=\dimen117
\Gm@even@mp=\dimen118
\Gm@layoutwidth=\dimen119
\Gm@layoutheight=\dimen120
\Gm@layouthoffset=\dimen121
\Gm@layoutvoffset=\dimen122
\Gm@dimlist=\toks24

("C:\Users\Krzysztof\AppData\Local\Programs\MiKTeX 2.9\tex\latex\geometry\geome
try.cfg")) (viuachat-sws.aux)
\openout1 = `viuachat-sws.aux'.

LaTeX Font Info:    Checking defaults for OML/cmm/m/it on input line 38.
LaTeX Font Info:    ... okay on input line 38.
LaTeX Font Info:    Checking defaults for T1/cmr/m/n on input line 38.
LaTeX Font Info:    ... okay on input line 38.
LaTeX Font Info:    Checking defaults for OT1/cmr/m/n on input line 38.
LaTeX Font Info:    ... okay on input line 38.
LaTeX Font Info:    Checking defaults for OMS/cmsy/m/n on input line 38.
LaTeX Font Info:    ... okay on input line 38.
LaTeX Font Info:    Checking defaults for OMX/cmex/m/n on input line 38.
LaTeX Font Info:    ... okay on input line 38.
LaTeX Font Info:    Checking defaults for U/cmr/m/n on input line 38.
LaTeX Font Info:    ... okay on input line 38.
LaTeX Font Info:    Checking defaults for TS1/cmr/m/n on input line 38.
LaTeX Font Info:    Try loading font information for TS1+cmr on input line 38.

("C:\Users\Krzysztof\AppData\Local\Programs\MiKTeX 2.9\tex\latex\base\ts1cmr.fd
"
File: ts1cmr.fd 2014/09/29 v2.5h Standard LaTeX font definitions
)
LaTeX Font Info:    ... okay on input line 38.
LaTeX Font Info:    Checking defaults for PD1/pdf/m/n on input line 38.
LaTeX Font Info:    ... okay on input line 38.

("C:\Users\Krzysztof\AppData\Local\Programs\MiKTeX 2.9\tex\context\base\supp-pd
f.mkii"
[Loading MPS to PDF converter (version 2006.09.02).]
\scratchcounter=\count104
\scratchdimen=\dimen123
\scratchbox=\box28
\nofMPsegments=\count105
\nofMParguments=\count106
\everyMPshowfont=\toks25
\MPscratchCnt=\count107
\MPscratchDim=\dimen124
\MPnumerator=\count108
\makeMPintoPDFobject=\count109
\everyMPtoPDFconversion=\toks26
)
("C:\Users\Krzysztof\AppData\Local\Programs\MiKTeX 2.9\tex\latex\oberdiek\epsto
pdf-base.sty"
Package: epstopdf-base 2016/05/15 v2.6 Base part for package epstopdf

("C:\Users\Krzysztof\AppData\Local\Programs\MiKTeX 2.9\tex\latex\oberdiek\grfex
t.sty"
Package: grfext 2016/05/16 v1.2 Manage graphics extensions (HO)
)
Package epstopdf-base Info: Redefining graphics rule for `.eps' on input line 4
38.
Package grfext Info: Graphics extension search list:
(grfext)             [.pdf,.png,.jpg,.mps,.jpeg,.jbig2,.jb2,.PDF,.PNG,.JPG,.JPE
G,.JBIG2,.JB2,.eps]
(grfext)             \AppendGraphicsExtensions on input line 456.
)
\AtBeginShipoutBox=\box29
Package hyperref Info: Link coloring OFF on input line 38.

("C:\Users\Krzysztof\AppData\Local\Programs\MiKTeX 2.9\tex\latex\hyperref\namer
ef.sty"
Package: nameref 2016/05/21 v2.44 Cross-referencing by name of section

("C:\Users\Krzysztof\AppData\Local\Programs\MiKTeX 2.9\tex\generic\oberdiek\get
titlestring.sty"
Package: gettitlestring 2016/05/16 v1.5 Cleanup title references (HO)
)
\c@section@level=\count110
)
LaTeX Info: Redefining \ref on input line 38.
LaTeX Info: Redefining \pageref on input line 38.
LaTeX Info: Redefining \nameref on input line 38.
 (viuachat-sws.out) (viuachat-sws.out)
\@outlinefile=\write3
\openout3 = `viuachat-sws.out'.


*geometry* driver: auto-detecting
*geometry* detected driver: pdftex
*geometry* verbose mode - [ preamble ] result:
* driver: pdftex
* paper: a4paper
* layout: <same size as paper>
* layoutoffset:(h,v)=(0.0pt,0.0pt)
* modes: 
* h-part:(L,W,R)=(56.9055pt, 483.69687pt, 56.9055pt)
* v-part:(T,H,B)=(56.9055pt, 731.23584pt, 56.9055pt)
* \paperwidth=597.50787pt
* \paperheight=845.04684pt
* \textwidth=483.69687pt
* \textheight=731.23584pt
* \oddsidemargin=-15.36449pt
* \evensidemargin=-15.36449pt
* \topmargin=-52.36449pt
* \headheight=12.0pt
* \headsep=25.0pt
* \topskip=11.0pt
* \footskip=30.0pt
* \marginparwidth=50.0pt
* \marginparsep=10.0pt
* \columnsep=10.0pt
* \skip\footins=10.0pt plus 4.0pt minus 2.0pt
* \hoffset=0.0pt
* \voffset=0.0pt
* \mag=1000
* \@twocolumnfalse
* \@twosidefalse
* \@mparswitchfalse
* \@reversemarginfalse
* (1in=72.27pt=25.4mm, 1cm=28.453pt)

LaTeX Font Info:    External font `cmex10' loaded for size
(Font)              <12> on input line 41.
LaTeX Font Info:    External font `cmex10' loaded for size
(Font)              <8> on input line 41.
LaTeX Font Info:    External font `cmex10' loaded for size
(Font)              <6> on input line 41.
[1

{C:/Users/Krzysztof/AppData/Local/MiKTeX/2.9/pdftex/config/pdftex.map}]
LaTeX Font Info:    External font `cmex10' loaded for size
(Font)              <9> on input line 43.
LaTeX Font Info:    External font `cmex10' loaded for size
(Font)              <5> on input line 43.
LaTeX Font Info:    External font `cmex10' loaded for size
(Font)              <10.95> on input line 70.
pdfTeX warning (ext4): destination with the same identifier (name{page.1}) has 
been already used, duplicate ignored
<to be read again> 
                   \relax 
l.89 \end{description}
                       [1]
<./fig/viuavm-env.png, id=110, 1430.34375pt x 499.8675pt>
File: ./fig/viuavm-env.png Graphic file (type png)
<use ./fig/viuavm-env.png>
Package pdftex.def Info: ./fig/viuavm-env.png  used on input line 99.
(pdftex.def)             Requested size: 483.69687pt x 169.03741pt.
 [2 <./fig/viuavm-env.png>] [3] [4]
Overfull \hbox (30.54674pt too wide) in paragraph at lines 426--536
[] 
 []

[5]
Overfull \hbox (29.79265pt too wide) in paragraph at lines 538--625
[] 
 []

[6]
Overfull \hbox (33.56905pt too wide) in paragraph at lines 627--713
[] 
 []

[7]
Underfull \hbox (badness 10000) in paragraph at lines 734--734
[]\T1/cmr/bx/n/10.95 Powi¡zane za-sady
 []

[8]
Underfull \hbox (badness 10000) in paragraph at lines 768--768
[]\T1/cmr/bx/n/10.95 Powi¡zane za-sady
 []


Underfull \hbox (badness 10000) in paragraph at lines 811--811
[]\T1/cmr/bx/n/10.95 Powi¡zane za-sady
 []


Underfull \hbox (badness 10000) in paragraph at lines 848--848
[]\T1/cmr/bx/n/10.95 Powi¡zane za-sady
 []

[9]
Underfull \hbox (badness 10000) in paragraph at lines 896--896
[]\T1/cmr/bx/n/10.95 Powi¡zane za-sady
 []


Underfull \hbox (badness 10000) in paragraph at lines 935--935
[]\T1/cmr/bx/n/10.95 Powi¡zane za-sady
 []

[10]
Underfull \hbox (badness 10000) in paragraph at lines 987--987
[]\T1/cmr/bx/n/10.95 Powi¡zane za-sady
 []


Underfull \hbox (badness 10000) in paragraph at lines 1023--1023
[]\T1/cmr/bx/n/10.95 Powi¡zane za-sady
 []


Underfull \hbox (badness 10000) in paragraph at lines 1059--1059
[]\T1/cmr/bx/n/10.95 Powi¡zane za-sady
 []

[11]
Underfull \hbox (badness 10000) in paragraph at lines 1110--1110
[]\T1/cmr/bx/n/10.95 Powi¡zane za-sady
 []


Overfull \hbox (24.0pt too wide) in paragraph at lines 1098--1124
[] 
 []

[12]
Package atveryend Info: Empty hook `BeforeClearDocument' on input line 1144.
 [13]
Package atveryend Info: Empty hook `AfterLastShipout' on input line 1144.
 (viuachat-sws.aux)
Package atveryend Info: Executing hook `AtVeryEndDocument' on input line 1144.
Package atveryend Info: Executing hook `AtEndAfterFileList' on input line 1144.

Package rerunfilecheck Info: File `viuachat-sws.out' has not changed.
(rerunfilecheck)             Checksum: 1D7603DAA0EB4987B24C3240C3B221C3;1479.
Package atveryend Info: Empty hook `AtVeryVeryEnd' on input line 1144.
 ) 
Here is how much of TeX's memory you used:
 8461 strings out of 492970
 126501 string characters out of 3124817
 261446 words of memory out of 3000000
 12166 multiletter control sequences out of 15000+200000
 17643 words of font info for 42 fonts, out of 3000000 for 9000
 1141 hyphenation exceptions out of 8191
 35i,9n,39p,424b,458s stack positions out of 5000i,500n,10000p,200000b,50000s
 <C:\Users\Krzysztof\AppData\Local\MiKTeX\2.9\fonts\pk\ljfour\jknappen\ec\dpi
600\ecbi1095.pk> <C:\Users\Krzysztof\AppData\Local\MiKTeX\2.9\fonts\pk\ljfour\j
knappen\ec\dpi600\ecti1095.pk> <C:\Users\Krzysztof\AppData\Local\MiKTeX\2.9\fon
ts\pk\ljfour\jknappen\ec\dpi600\ecrm0800.pk> <C:\Users\Krzysztof\AppData\Local\
MiKTeX\2.9\fonts\pk\ljfour\jknappen\ec\dpi600\ecbx1095.pk> <C:\Users\Krzysztof\
AppData\Local\MiKTeX\2.9\fonts\pk\ljfour\jknappen\ec\dpi600\tcrm1095.pk> <C:\Us
ers\Krzysztof\AppData\Local\MiKTeX\2.9\fonts\pk\ljfour\jknappen\ec\dpi600\ecrm1
095.pk> <C:\Users\Krzysztof\AppData\Local\MiKTeX\2.9\fonts\pk\ljfour\jknappen\e
c\dpi600\ecbx1200.pk> <C:\Users\Krzysztof\AppData\Local\MiKTeX\2.9\fonts\pk\ljf
our\jknappen\ec\dpi600\ecbx1440.pk> <C:\Users\Krzysztof\AppData\Local\MiKTeX\2.
9\fonts\pk\ljfour\jknappen\ec\dpi600\ecrm0900.pk> <C:\Users\Krzysztof\AppData\L
ocal\MiKTeX\2.9\fonts\pk\ljfour\jknappen\ec\dpi600\ecbx0900.pk> <C:\Users\Krzys
ztof\AppData\Local\MiKTeX\2.9\fonts\pk\ljfour\jknappen\ec\dpi600\ecrm1200.pk> <
C:\Users\Krzysztof\AppData\Local\MiKTeX\2.9\fonts\pk\ljfour\jknappen\ec\dpi600\
ecrm1728.pk>
Output written on viuachat-sws.pdf (14 pages, 255077 bytes).
PDF statistics:
 648 PDF objects out of 1000 (max. 8388607)
 68 named destinations out of 1000 (max. 500000)
 182 words of extra memory for PDF output out of 10000 (max. 10000000)

