\BOOKMARK [1][-]{section.1}{Wprowadzenie}{}% 1
\BOOKMARK [2][-]{subsection.1.1}{Cel dokumentu}{section.1}% 2
\BOOKMARK [2][-]{subsection.1.2}{Zakres dokumentu}{section.1}% 3
\BOOKMARK [2][-]{subsection.1.3}{Dokumenty powiazane}{section.1}% 4
\BOOKMARK [2][-]{subsection.1.4}{Odbiorcy}{section.1}% 5
\BOOKMARK [2][-]{subsection.1.5}{S\233ownik pojec}{section.1}% 6
\BOOKMARK [1][-]{section.2}{Czat w kontekscie}{}% 7
\BOOKMARK [2][-]{subsection.2.1}{Kontekst biznesowy}{section.2}% 8
\BOOKMARK [2][-]{subsection.2.2}{Udzia\233owcy}{section.2}% 9
\BOOKMARK [2][-]{subsection.2.3}{Charakterystyka uzytkownik\363w}{section.2}% 10
\BOOKMARK [2][-]{subsection.2.4}{Istniejaca infrastruktura}{section.2}% 11
\BOOKMARK [1][-]{section.3}{Zasady biznesowe}{}% 12
\BOOKMARK [2][-]{subsection.3.1}{System uzytkownik\363w [ZU]}{section.3}% 13
\BOOKMARK [2][-]{subsection.3.2}{Pokoje [ZP]}{section.3}% 14
\BOOKMARK [2][-]{subsection.3.3}{Prywatne wiadomosci [ZW]}{section.3}% 15
\BOOKMARK [1][-]{section.4}{Wymagania}{}% 16
\BOOKMARK [2][-]{subsection.4.1}{Wymagania funkcjonalne}{section.4}% 17
\BOOKMARK [2][-]{subsection.4.2}{Wymagania niefunkcjonalne}{section.4}% 18
\BOOKMARK [2][-]{subsection.4.3}{Wymagania na srodowisko docelowe}{section.4}% 19
\BOOKMARK [2][-]{subsection.4.4}{Wymagania dotyczace procesu wytwarzania}{section.4}% 20
\BOOKMARK [1][-]{section.5}{Kryteria akceptacja rozwiazania}{}% 21
\BOOKMARK [1][-]{section.6}{Odwo\233ania do literatury}{}% 22
